<?xml version="1.0" encoding="utf-8"?><testsuites><testsuite name="pytest" errors="0" failures="0" skipped="0" tests="4" time="0.188" timestamp="2024-02-13T20:53:25.167603" hostname="KeatonSmith"><testcase classname="test_calc_area" name="test_calc_area_square" time="0.151" /><testcase classname="test_calc_area" name="test_calc_area_rectangle" time="0.000" /><testcase classname="test_calc_area" name="test_calc_area_circle" time="0.001" /><testcase classname="test_calc_area" name="test_calc_area_circle_errors" time="0.001" /></testsuite></testsuites>